This is pdfTeX, Version 3.1415926-2.5-1.40.14 (MiKTeX 2.9) (preloaded format=latex 2015.2.11)  21 AUG 2015 06:53
entering extended mode
**\scrollmode

*
(Please type a command or say `\end')
*\documentclass[12pt]{article}

*\def\ASYprefix{}
("C:\Program Files (x86)\MiKTeX 2.9\tex\latex\base\article.cls"
Document Class: article 2007/10/19 v1.4h Standard LaTeX document class
("C:\Program Files (x86)\MiKTeX 2.9\tex\latex\base\size12.clo"
File: size12.clo 2007/10/19 v1.4h Standard LaTeX file (size option)
)
\c@part=\count79
\c@section=\count80
\c@subsection=\count81
\c@subsubsection=\count82
\c@paragraph=\count83
\c@subparagraph=\count84
\c@figure=\count85
\c@table=\count86
\abovecaptionskip=\skip41
\belowcaptionskip=\skip42
\bibindent=\dimen102
)
*\newbox\ASYbox
\ASYbox=\box26

*\newdimen\ASYdimen
\ASYdimen=\dimen103

*\long\def\ASYbase#1#2{\leavevmode\setbox\ASYbox=\hbox{#1}%\ASYdimen=\ht\ASYbox
%

*\setbox\ASYbox=\hbox{#2}\lower\ASYdimen\box\ASYbox}

*\usepackage{graphicx}

*\begin{document}
("C:\Program Files (x86)\MiKTeX 2.9\tex\latex\graphics\graphicx.sty"
Package: graphicx 1999/02/16 v1.0f Enhanced LaTeX Graphics (DPC,SPQR)

("C:\Program Files (x86)\MiKTeX 2.9\tex\latex\graphics\keyval.sty"
Package: keyval 1999/03/16 v1.13 key=value parser (DPC)
\KV@toks@=\toks14
)
("C:\Program Files (x86)\MiKTeX 2.9\tex\latex\graphics\graphics.sty"
Package: graphics 2009/02/05 v1.0o Standard LaTeX Graphics (DPC,SPQR)

("C:\Program Files (x86)\MiKTeX 2.9\tex\latex\graphics\trig.sty"
Package: trig 1999/03/16 v1.09 sin cos tan (DPC)
)
("C:\Program Files (x86)\MiKTeX 2.9\tex\latex\00miktex\graphics.cfg"
File: graphics.cfg 2007/01/18 v1.5 graphics configuration of teTeX/TeXLive
)
Package graphics Info: Driver file: dvips.def on input line 91.

("C:\Program Files (x86)\MiKTeX 2.9\tex\latex\graphics\dvips.def"
File: dvips.def 1999/02/16 v3.0i Driver-dependant file (DPC,SPQR)
))
\Gin@req@height=\dimen104
\Gin@req@width=\dimen105
)
("C:\Users\Jayson\Dropbox (MIT)\Research\Portal\Draft\figuresPushPull\texput.au
x")
LaTeX Font Info:    Checking defaults for OML/cmm/m/it on input line 0.
LaTeX Font Info:    ... okay on input line 0.
LaTeX Font Info:    Checking defaults for T1/cmr/m/n on input line 0.
LaTeX Font Info:    ... okay on input line 0.
LaTeX Font Info:    Checking defaults for OT1/cmr/m/n on input line 0.
LaTeX Font Info:    ... okay on input line 0.
LaTeX Font Info:    Checking defaults for OMS/cmsy/m/n on input line 0.
LaTeX Font Info:    ... okay on input line 0.
LaTeX Font Info:    Checking defaults for OMX/cmex/m/n on input line 0.
LaTeX Font Info:    ... okay on input line 0.
LaTeX Font Info:    Checking defaults for U/cmr/m/n on input line 0.
LaTeX Font Info:    ... okay on input line 0.

*\makeatletter%

*\let\ASYencoding\f@encoding%

*\let\ASYfamily\f@family%

*\let\ASYseries\f@series%

*\let\ASYshape\f@shape%

*\makeatother%

*\fontsize{1}{1.2}\selectfont

LaTeX Font Warning: Font shape `OT1/cmr/m/n' in size <1> not available
(Font)              size <5> substituted on input line 0.


*
(Please type a command or say `\end')
*\usefont{\ASYencoding}{\ASYfamily}{\ASYseries}{\ASYshape}%

*
(Please type a command or say `\end')
*\setbox\ASYbox=\hbox{$\forall y_1$}
LaTeX Font Info:    Calculating math sizes for size <1> on input line 0.

LaTeX Font Warning: Font shape `OT1/cmr/m/n' in size <0.7> not available
(Font)              size <5> substituted on input line 0.


LaTeX Font Warning: Font shape `OT1/cmr/m/n' in size <0.5> not available
(Font)              size <5> substituted on input line 0.


LaTeX Font Warning: Font shape `OML/cmm/m/it' in size <1> not available
(Font)              size <5> substituted on input line 0.


LaTeX Font Warning: Font shape `OML/cmm/m/it' in size <0.7> not available
(Font)              size <5> substituted on input line 0.


LaTeX Font Warning: Font shape `OML/cmm/m/it' in size <0.5> not available
(Font)              size <5> substituted on input line 0.


LaTeX Font Warning: Font shape `OMS/cmsy/m/n' in size <1> not available
(Font)              size <5> substituted on input line 0.


LaTeX Font Warning: Font shape `OMS/cmsy/m/n' in size <0.7> not available
(Font)              size <5> substituted on input line 0.


LaTeX Font Warning: Font shape `OMS/cmsy/m/n' in size <0.5> not available
(Font)              size <5> substituted on input line 0.

LaTeX Font Info:    External font `cmex10' loaded for size
(Font)              <1> on input line 0.
LaTeX Font Info:    External font `cmex10' loaded for size
(Font)              <0.7> on input line 0.
LaTeX Font Info:    External font `cmex10' loaded for size
(Font)              <0.5> on input line 0.

*
(Please type a command or say `\end')
*\immediate\write16{>dim(\the\wd\ASYbox)dim}
>dim(11.58348pt)dim

*\immediate\write16{>dim(\the\ht\ASYbox)dim}
>dim(3.47221pt)dim

*\immediate\write16{>dim(\the\dp\ASYbox)dim}
>dim(1.5pt)dim

*\fontsize{1}{1.2}\selectfont

*
(Please type a command or say `\end')
*\usefont{\ASYencoding}{\ASYfamily}{\ASYseries}{\ASYshape}%

*
(Please type a command or say `\end')
*\setbox\ASYbox=\hbox{$\exists x_1$}

*
(Please type a command or say `\end')
*\immediate\write16{>dim(\the\wd\ASYbox)dim}
>dim(11.88902pt)dim

*\immediate\write16{>dim(\the\ht\ASYbox)dim}
>dim(3.47221pt)dim

*\immediate\write16{>dim(\the\dp\ASYbox)dim}
>dim(1.5pt)dim

*\fontsize{1}{1.2}\selectfont

*
(Please type a command or say `\end')
*\usefont{\ASYencoding}{\ASYfamily}{\ASYseries}{\ASYshape}%

*
(Please type a command or say `\end')
*\setbox\ASYbox=\hbox{$\forall y_2$}

*
(Please type a command or say `\end')
*\immediate\write16{>dim(\the\wd\ASYbox)dim}
>dim(11.58348pt)dim

*\immediate\write16{>dim(\the\ht\ASYbox)dim}
>dim(3.47221pt)dim

*\immediate\write16{>dim(\the\dp\ASYbox)dim}
>dim(1.5pt)dim

*\fontsize{1}{1.2}\selectfont

*
(Please type a command or say `\end')
*\usefont{\ASYencoding}{\ASYfamily}{\ASYseries}{\ASYshape}%

*
(Please type a command or say `\end')
*\setbox\ASYbox=\hbox{$y_1 \leftarrow 0$}

*
(Please type a command or say `\end')
*\immediate\write16{>dim(\the\wd\ASYbox)dim}
>dim(21.85364pt)dim

*\immediate\write16{>dim(\the\ht\ASYbox)dim}
>dim(3.22221pt)dim

*\immediate\write16{>dim(\the\dp\ASYbox)dim}
>dim(1.5pt)dim

*\fontsize{1}{1.2}\selectfont

*
(Please type a command or say `\end')
*\usefont{\ASYencoding}{\ASYfamily}{\ASYseries}{\ASYshape}%

*
(Please type a command or say `\end')
*\setbox\ASYbox=\hbox{$\exists x_2$}

*
(Please type a command or say `\end')
*\immediate\write16{>dim(\the\wd\ASYbox)dim}
>dim(11.88902pt)dim

*\immediate\write16{>dim(\the\ht\ASYbox)dim}
>dim(3.47221pt)dim

*\immediate\write16{>dim(\the\dp\ASYbox)dim}
>dim(1.5pt)dim

*\fontsize{1}{1.2}\selectfont

*
(Please type a command or say `\end')
*\usefont{\ASYencoding}{\ASYfamily}{\ASYseries}{\ASYshape}%

*
(Please type a command or say `\end')
*\setbox\ASYbox=\hbox{$\forall y_3$}

*
(Please type a command or say `\end')
*\immediate\write16{>dim(\the\wd\ASYbox)dim}
>dim(11.58348pt)dim

*\immediate\write16{>dim(\the\ht\ASYbox)dim}
>dim(3.47221pt)dim

*\immediate\write16{>dim(\the\dp\ASYbox)dim}
>dim(1.5pt)dim

*\fontsize{1}{1.2}\selectfont

*
(Please type a command or say `\end')
*\usefont{\ASYencoding}{\ASYfamily}{\ASYseries}{\ASYshape}%

*
(Please type a command or say `\end')
*\setbox\ASYbox=\hbox{$y_1 \leftarrow 0$}

*
(Please type a command or say `\end')
*\immediate\write16{>dim(\the\wd\ASYbox)dim}
>dim(21.85364pt)dim

*\immediate\write16{>dim(\the\ht\ASYbox)dim}
>dim(3.22221pt)dim

*\immediate\write16{>dim(\the\dp\ASYbox)dim}
>dim(1.5pt)dim

*\fontsize{1}{1.2}\selectfont

*
(Please type a command or say `\end')
*\usefont{\ASYencoding}{\ASYfamily}{\ASYseries}{\ASYshape}%

*
(Please type a command or say `\end')
*\setbox\ASYbox=\hbox{$y_2 \leftarrow 0$}

*
(Please type a command or say `\end')
*\immediate\write16{>dim(\the\wd\ASYbox)dim}
>dim(21.85364pt)dim

*\immediate\write16{>dim(\the\ht\ASYbox)dim}
>dim(3.22221pt)dim

*\immediate\write16{>dim(\the\dp\ASYbox)dim}
>dim(1.5pt)dim

*\fontsize{1}{1.2}\selectfont

*
(Please type a command or say `\end')
*\usefont{\ASYencoding}{\ASYfamily}{\ASYseries}{\ASYshape}%

*
(Please type a command or say `\end')
*\setbox\ASYbox=\hbox