This is pdfTeX, Version 3.1415926-2.5-1.40.14 (TeX Live 2013/Debian) (format=pdflatex 2015.5.14)  25 JAN 2016 15:08
entering extended mode
 restricted \write18 enabled.
 %&-line parsing enabled.
**PushPullPaper
(./PushPullPaper.tex
LaTeX2e <2011/06/27>
Babel <3.9h> and hyphenation patterns for 78 languages loaded.
(/usr/share/texlive/texmf-dist/tex/latex/base/article.cls
Document Class: article 2007/10/19 v1.4h Standard LaTeX document class
(/usr/share/texlive/texmf-dist/tex/latex/base/size11.clo
File: size11.clo 2007/10/19 v1.4h Standard LaTeX file (size option)
)
\c@part=\count79
\c@section=\count80
\c@subsection=\count81
\c@subsubsection=\count82
\c@paragraph=\count83
\c@subparagraph=\count84
\c@figure=\count85
\c@table=\count86
\abovecaptionskip=\skip41
\belowcaptionskip=\skip42
\bibindent=\dimen102
)
(/usr/share/texlive/texmf-dist/tex/latex/amsmath/amsmath.sty
Package: amsmath 2013/01/14 v2.14 AMS math features
\@mathmargin=\skip43

For additional information on amsmath, use the `?' option.
(/usr/share/texlive/texmf-dist/tex/latex/amsmath/amstext.sty
Package: amstext 2000/06/29 v2.01

(/usr/share/texlive/texmf-dist/tex/latex/amsmath/amsgen.sty
File: amsgen.sty 1999/11/30 v2.0
\@emptytoks=\toks14
\ex@=\dimen103
))
(/usr/share/texlive/texmf-dist/tex/latex/amsmath/amsbsy.sty
Package: amsbsy 1999/11/29 v1.2d
\pmbraise@=\dimen104
)
(/usr/share/texlive/texmf-dist/tex/latex/amsmath/amsopn.sty
Package: amsopn 1999/12/14 v2.01 operator names
)
\inf@bad=\count87
LaTeX Info: Redefining \frac on input line 210.
\uproot@=\count88
\leftroot@=\count89
LaTeX Info: Redefining \overline on input line 306.
\classnum@=\count90
\DOTSCASE@=\count91
LaTeX Info: Redefining \ldots on input line 378.
LaTeX Info: Redefining \dots on input line 381.
LaTeX Info: Redefining \cdots on input line 466.
\Mathstrutbox@=\box26
\strutbox@=\box27
\big@size=\dimen105
LaTeX Font Info:    Redeclaring font encoding OML on input line 566.
LaTeX Font Info:    Redeclaring font encoding OMS on input line 567.
\macc@depth=\count92
\c@MaxMatrixCols=\count93
\dotsspace@=\muskip10
\c@parentequation=\count94
\dspbrk@lvl=\count95
\tag@help=\toks15
\row@=\count96
\column@=\count97
\maxfields@=\count98
\andhelp@=\toks16
\eqnshift@=\dimen106
\alignsep@=\dimen107
\tagshift@=\dimen108
\tagwidth@=\dimen109
\totwidth@=\dimen110
\lineht@=\dimen111
\@envbody=\toks17
\multlinegap=\skip44
\multlinetaggap=\skip45
\mathdisplay@stack=\toks18
LaTeX Info: Redefining \[ on input line 2665.
LaTeX Info: Redefining \] on input line 2666.
)
(/usr/share/texlive/texmf-dist/tex/latex/amsfonts/amssymb.sty
Package: amssymb 2013/01/14 v3.01 AMS font symbols

(/usr/share/texlive/texmf-dist/tex/latex/amsfonts/amsfonts.sty
Package: amsfonts 2013/01/14 v3.01 Basic AMSFonts support
\symAMSa=\mathgroup4
\symAMSb=\mathgroup5
LaTeX Font Info:    Overwriting math alphabet `\mathfrak' in version `bold'
(Font)                  U/euf/m/n --> U/euf/b/n on input line 106.
))
(/usr/share/texlive/texmf-dist/tex/latex/amscls/amsthm.sty
Package: amsthm 2004/08/06 v2.20
\thm@style=\toks19
\thm@bodyfont=\toks20
\thm@headfont=\toks21
\thm@notefont=\toks22
\thm@headpunct=\toks23
\thm@preskip=\skip46
\thm@postskip=\skip47
\thm@headsep=\skip48
\dth@everypar=\toks24
)
(/usr/share/texlive/texmf-dist/tex/latex/cite/cite.sty
LaTeX Info: Redefining \cite on input line 302.
LaTeX Info: Redefining \nocite on input line 373.
Package: cite 2010/09/10  v 5.3
)
(/usr/share/texlive/texmf-dist/tex/latex/base/alltt.sty
Package: alltt 1997/06/16 v2.0g defines alltt environment
)
(/usr/share/texlive/texmf-dist/tex/latex/clrscode/clrscode.sty
Package: clrscode 2007/03/29 v1.7 format pseudocode

(/usr/share/texlive/texmf-dist/tex/latex/base/latexsym.sty
Package: latexsym 1998/08/17 v2.2e Standard LaTeX package (lasy symbols)
\symlasy=\mathgroup6
LaTeX Font Info:    Overwriting symbol font `lasy' in version `bold'
(Font)                  U/lasy/m/n --> U/lasy/b/n on input line 47.
)
\c@codelinenumber=\count99
\c@indent=\count100
\digitwidth=\skip49
\savecode=\box28
\codeboxwidth=\skip50
\c@thisindent=\count101
)
(/usr/share/texlive/texmf-dist/tex/generic/babel/babel.sty
Package: babel 2013/12/03 3.9h The Babel package

(/usr/share/texlive/texmf-dist/tex/generic/babel-english/english.ldf
Language: english 2012/08/20 v3.3p English support from the babel system

(/usr/share/texlive/texmf-dist/tex/generic/babel/babel.def
File: babel.def 2013/12/03 3.9h Babel common definitions
\babel@savecnt=\count102
\U@D=\dimen112
)
\l@canadian = a dialect from \language\l@american 
\l@australian = a dialect from \language\l@british 
\l@newzealand = a dialect from \language\l@british 
))
(/usr/share/texlive/texmf-dist/tex/latex/graphics/graphicx.sty
Package: graphicx 1999/02/16 v1.0f Enhanced LaTeX Graphics (DPC,SPQR)

(/usr/share/texlive/texmf-dist/tex/latex/graphics/keyval.sty
Package: keyval 1999/03/16 v1.13 key=value parser (DPC)
\KV@toks@=\toks25
)
(/usr/share/texlive/texmf-dist/tex/latex/graphics/graphics.sty
Package: graphics 2009/02/05 v1.0o Standard LaTeX Graphics (DPC,SPQR)

(/usr/share/texlive/texmf-dist/tex/latex/graphics/trig.sty
Package: trig 1999/03/16 v1.09 sin cos tan (DPC)
)
(/usr/share/texlive/texmf-dist/tex/latex/latexconfig/graphics.cfg
File: graphics.cfg 2010/04/23 v1.9 graphics configuration of TeX Live
)
Package graphics Info: Driver file: pdftex.def on input line 91.

(/usr/share/texlive/texmf-dist/tex/latex/pdftex-def/pdftex.def
File: pdftex.def 2011/05/27 v0.06d Graphics/color for pdfTeX

(/usr/share/texlive/texmf-dist/tex/generic/oberdiek/infwarerr.sty
Package: infwarerr 2010/04/08 v1.3 Providing info/warning/error messages (HO)
)
(/usr/share/texlive/texmf-dist/tex/generic/oberdiek/ltxcmds.sty
Package: ltxcmds 2011/11/09 v1.22 LaTeX kernel commands for general use (HO)
)
\Gread@gobject=\count103
))
\Gin@req@height=\dimen113
\Gin@req@width=\dimen114
)
(/usr/share/texlive/texmf-dist/tex/latex/caption/caption.sty
Package: caption 2013/05/02 v3.3-89 Customizing captions (AR)

(/usr/share/texlive/texmf-dist/tex/latex/caption/caption3.sty
Package: caption3 2013/05/02 v1.6-88 caption3 kernel (AR)
Package caption3 Info: TeX engine: e-TeX on input line 57.
\captionmargin=\dimen115
\captionmargin@=\dimen116
\captionwidth=\dimen117
\caption@tempdima=\dimen118
\caption@indent=\dimen119
\caption@parindent=\dimen120
\caption@hangindent=\dimen121
)
\c@ContinuedFloat=\count104
)
(/afs/csail.mit.edu/u/e/edemaine/Langs/LaTeX/url.sty
\Urlmuskip=\muskip11
Package: url 2004/03/15  ver 3.1  Verb mode for urls, etc.
)
(/usr/share/texlive/texmf-dist/tex/latex/hyperref/hyperref.sty
Package: hyperref 2012/11/06 v6.83m Hypertext links for LaTeX

(/usr/share/texlive/texmf-dist/tex/generic/oberdiek/hobsub-hyperref.sty
Package: hobsub-hyperref 2012/05/28 v1.13 Bundle oberdiek, subset hyperref (HO)


(/usr/share/texlive/texmf-dist/tex/generic/oberdiek/hobsub-generic.sty
Package: hobsub-generic 2012/05/28 v1.13 Bundle oberdiek, subset generic (HO)
Package: hobsub 2012/05/28 v1.13 Construct package bundles (HO)
Package hobsub Info: Skipping package `infwarerr' (already loaded).
Package hobsub Info: Skipping package `ltxcmds' (already loaded).
Package: ifluatex 2010/03/01 v1.3 Provides the ifluatex switch (HO)
Package ifluatex Info: LuaTeX not detected.
Package: ifvtex 2010/03/01 v1.5 Detect VTeX and its facilities (HO)
Package ifvtex Info: VTeX not detected.
Package: intcalc 2007/09/27 v1.1 Expandable calculations with integers (HO)
Package: ifpdf 2011/01/30 v2.3 Provides the ifpdf switch (HO)
Package ifpdf Info: pdfTeX in PDF mode is detected.
Package: etexcmds 2011/02/16 v1.5 Avoid name clashes with e-TeX commands (HO)
Package etexcmds Info: Could not find \expanded.
(etexcmds)             That can mean that you are not using pdfTeX 1.50 or
(etexcmds)             that some package has redefined \expanded.
(etexcmds)             In the latter case, load this package earlier.
Package: kvsetkeys 2012/04/25 v1.16 Key value parser (HO)
Package: kvdefinekeys 2011/04/07 v1.3 Define keys (HO)
Package: pdftexcmds 2011/11/29 v0.20 Utility functions of pdfTeX for LuaTeX (HO
)
Package pdftexcmds Info: LuaTeX not detected.
Package pdftexcmds Info: \pdf@primitive is available.
Package pdftexcmds Info: \pdf@ifprimitive is available.
Package pdftexcmds Info: \pdfdraftmode found.
Package: pdfescape 2011/11/25 v1.13 Implements pdfTeX's escape features (HO)
Package: bigintcalc 2012/04/08 v1.3 Expandable calculations on big integers (HO
)
Package: bitset 2011/01/30 v1.1 Handle bit-vector datatype (HO)
Package: uniquecounter 2011/01/30 v1.2 Provide unlimited unique counter (HO)
)
Package hobsub Info: Skipping package `hobsub' (already loaded).
Package: letltxmacro 2010/09/02 v1.4 Let assignment for LaTeX macros (HO)
Package: hopatch 2012/05/28 v1.2 Wrapper for package hooks (HO)
Package: xcolor-patch 2011/01/30 xcolor patch
Package: atveryend 2011/06/30 v1.8 Hooks at the very end of document (HO)
Package atveryend Info: \enddocument detected (standard20110627).
Package: atbegshi 2011/10/05 v1.16 At begin shipout hook (HO)
Package: refcount 2011/10/16 v3.4 Data extraction from label references (HO)
Package: hycolor 2011/01/30 v1.7 Color options for hyperref/bookmark (HO)
)
(/usr/share/texlive/texmf-dist/tex/generic/ifxetex/ifxetex.sty
Package: ifxetex 2010/09/12 v0.6 Provides ifxetex conditional
)
(/usr/share/texlive/texmf-dist/tex/latex/oberdiek/auxhook.sty
Package: auxhook 2011/03/04 v1.3 Hooks for auxiliary files (HO)
)
(/usr/share/texlive/texmf-dist/tex/latex/oberdiek/kvoptions.sty
Package: kvoptions 2011/06/30 v3.11 Key value format for package options (HO)
)
\@linkdim=\dimen122
\Hy@linkcounter=\count105
\Hy@pagecounter=\count106

(/usr/share/texlive/texmf-dist/tex/latex/hyperref/pd1enc.def
File: pd1enc.def 2012/11/06 v6.83m Hyperref: PDFDocEncoding definition (HO)
)
\Hy@SavedSpaceFactor=\count107

(/usr/share/texlive/texmf-dist/tex/latex/latexconfig/hyperref.cfg
File: hyperref.cfg 2002/06/06 v1.2 hyperref configuration of TeXLive
)
Package hyperref Info: Hyper figures OFF on input line 4443.
Package hyperref Info: Link nesting OFF on input line 4448.
Package hyperref Info: Hyper index ON on input line 4451.
Package hyperref Info: Plain pages OFF on input line 4458.
Package hyperref Info: Backreferencing OFF on input line 4463.
Package hyperref Info: Implicit mode ON; LaTeX internals redefined.
Package hyperref Info: Bookmarks ON on input line 4688.
\c@Hy@tempcnt=\count108
LaTeX Info: Redefining \url on input line 5041.
\XeTeXLinkMargin=\dimen123
\Fld@menulength=\count109
\Field@Width=\dimen124
\Fld@charsize=\dimen125
Package hyperref Info: Hyper figures OFF on input line 6295.
Package hyperref Info: Link nesting OFF on input line 6300.
Package hyperref Info: Hyper index ON on input line 6303.
Package hyperref Info: backreferencing OFF on input line 6310.
Package hyperref Info: Link coloring OFF on input line 6315.
Package hyperref Info: Link coloring with OCG OFF on input line 6320.
Package hyperref Info: PDF/A mode OFF on input line 6325.
LaTeX Info: Redefining \ref on input line 6365.
LaTeX Info: Redefining \pageref on input line 6369.
\Hy@abspage=\count110
\c@Item=\count111
\c@Hfootnote=\count112
)

Package hyperref Message: Driver (autodetected): hpdftex.

(/usr/share/texlive/texmf-dist/tex/latex/hyperref/hpdftex.def
File: hpdftex.def 2012/11/06 v6.83m Hyperref driver for pdfTeX
\Fld@listcount=\count113
\c@bookmark@seq@number=\count114

(/usr/share/texlive/texmf-dist/tex/latex/oberdiek/rerunfilecheck.sty
Package: rerunfilecheck 2011/04/15 v1.7 Rerun checks for auxiliary files (HO)
Package uniquecounter Info: New unique counter `rerunfilecheck' on input line 2
82.
)
\Hy@SectionHShift=\skip51
)
(/usr/share/texlive/texmf-dist/tex/latex/caption/subcaption.sty
Package: subcaption 2013/02/03 v1.1-62 Sub-captions (AR)
\c@subfigure=\count115
\c@subtable=\count116
)
(/usr/share/texlive/texmf-dist/tex/latex/cmap/cmap.sty
Package: cmap 2008/03/06 v1.0h CMap support: searchable PDF
)
(/usr/share/texlive/texmf-dist/tex/latex/base/fontenc.sty
Package: fontenc 2005/09/27 v1.99g Standard LaTeX package

(/usr/share/texlive/texmf-dist/tex/latex/base/t1enc.def
File: t1enc.def 2005/09/27 v1.99g Standard LaTeX file
LaTeX Font Info:    Redeclaring font encoding T1 on input line 43.
)<<t1.cmap>>)
\c@theorem=\count117

(/usr/share/texlive/texmf-dist/tex/latex/geometry/geometry.sty
Package: geometry 2010/09/12 v5.6 Page Geometry
\Gm@cnth=\count118
\Gm@cntv=\count119
\c@Gm@tempcnt=\count120
\Gm@bindingoffset=\dimen126
\Gm@wd@mp=\dimen127
\Gm@odd@mp=\dimen128
\Gm@even@mp=\dimen129
\Gm@layoutwidth=\dimen130
\Gm@layoutheight=\dimen131
\Gm@layouthoffset=\dimen132
\Gm@layoutvoffset=\dimen133
\Gm@dimlist=\toks26
)
(./PushPullPaper.aux

LaTeX Warning: Label `fig:4Toggle3D' multiply defined.


LaTeX Warning: Label `sub@fig:4Toggle3D' multiply defined.

)
\openout1 = `PushPullPaper.aux'.

LaTeX Font Info:    Checking defaults for OML/cmm/m/it on input line 66.
LaTeX Font Info:    ... okay on input line 66.
LaTeX Font Info:    Checking defaults for T1/cmr/m/n on input line 66.
LaTeX Font Info:    ... okay on input line 66.
LaTeX Font Info:    Checking defaults for OT1/cmr/m/n on input line 66.
LaTeX Font Info:    ... okay on input line 66.
LaTeX Font Info:    Checking defaults for OMS/cmsy/m/n on input line 66.
LaTeX Font Info:    ... okay on input line 66.
LaTeX Font Info:    Checking defaults for OMX/cmex/m/n on input line 66.
LaTeX Font Info:    ... okay on input line 66.
LaTeX Font Info:    Checking defaults for U/cmr/m/n on input line 66.
LaTeX Font Info:    ... okay on input line 66.
LaTeX Font Info:    Checking defaults for PD1/pdf/m/n on input line 66.
LaTeX Font Info:    ... okay on input line 66.
 (/usr/share/texlive/texmf-dist/tex/context/base/supp-pdf.mkii
[Loading MPS to PDF converter (version 2006.09.02).]
\scratchcounter=\count121
\scratchdimen=\dimen134
\scratchbox=\box29
\nofMPsegments=\count122
\nofMParguments=\count123
\everyMPshowfont=\toks27
\MPscratchCnt=\count124
\MPscratchDim=\dimen135
\MPnumerator=\count125
\makeMPintoPDFobject=\count126
\everyMPtoPDFconversion=\toks28
) (/usr/share/texlive/texmf-dist/tex/latex/oberdiek/epstopdf-base.sty
Package: epstopdf-base 2010/02/09 v2.5 Base part for package epstopdf

(/usr/share/texlive/texmf-dist/tex/latex/oberdiek/grfext.sty
Package: grfext 2010/08/19 v1.1 Manage graphics extensions (HO)
)
Package grfext Info: Graphics extension search list:
(grfext)             [.png,.pdf,.jpg,.mps,.jpeg,.jbig2,.jb2,.PNG,.PDF,.JPG,.JPE
G,.JBIG2,.JB2,.eps]
(grfext)             \AppendGraphicsExtensions on input line 452.

(/usr/share/texlive/texmf-dist/tex/latex/latexconfig/epstopdf-sys.cfg
File: epstopdf-sys.cfg 2010/07/13 v1.3 Configuration of (r)epstopdf for TeX Liv
e
))
Package caption Info: Begin \AtBeginDocument code.
Package caption Info: hyperref package is loaded.
Package caption Info: End \AtBeginDocument code.
\AtBeginShipoutBox=\box30
Package hyperref Info: Link coloring OFF on input line 66.

(/usr/share/texlive/texmf-dist/tex/latex/hyperref/nameref.sty
Package: nameref 2012/10/27 v2.43 Cross-referencing by name of section

(/usr/share/texlive/texmf-dist/tex/generic/oberdiek/gettitlestring.sty
Package: gettitlestring 2010/12/03 v1.4 Cleanup title references (HO)
)
\c@section@level=\count127
)
LaTeX Info: Redefining \ref on input line 66.
LaTeX Info: Redefining \pageref on input line 66.
LaTeX Info: Redefining \nameref on input line 66.

(./PushPullPaper.out) (./PushPullPaper.out)
\@outlinefile=\write3
\openout3 = `PushPullPaper.out'.


*geometry* driver: auto-detecting
*geometry* detected driver: pdftex
*geometry* verbose mode - [ preamble ] result:
* driver: pdftex
* paper: <default>
* layout: <same size as paper>
* layoutoffset:(h,v)=(0.0pt,0.0pt)
* modes: twoside 
* h-part:(L,W,R)=(72.26999pt, 469.75502pt, 72.26999pt)
* v-part:(T,H,B)=(72.26999pt, 650.43001pt, 72.26999pt)
* \paperwidth=614.295pt
* \paperheight=794.96999pt
* \textwidth=469.75502pt
* \textheight=650.43001pt
* \oddsidemargin=0.0pt
* \evensidemargin=0.0pt
* \topmargin=-37.0pt
* \headheight=12.0pt
* \headsep=25.0pt
* \topskip=11.0pt
* \footskip=30.0pt
* \marginparwidth=113.0pt
* \marginparsep=10.0pt
* \columnsep=10.0pt
* \skip\footins=10.0pt plus 4.0pt minus 2.0pt
* \hoffset=0.0pt
* \voffset=0.0pt
* \mag=1000
* \@twocolumnfalse
* \@twosidetrue
* \@mparswitchtrue
* \@reversemarginfalse
* (1in=72.27pt=25.4mm, 1cm=28.453pt)

<<ot1.cmap>><<oml.cmap>><<oms.cmap>><<omx.cmap>>
LaTeX Font Info:    Try loading font information for U+msa on input line 73.

(/usr/share/texlive/texmf-dist/tex/latex/amsfonts/umsa.fd
File: umsa.fd 2013/01/14 v3.01 AMS symbols A
)
LaTeX Font Info:    Try loading font information for U+msb on input line 73.

(/usr/share/texlive/texmf-dist/tex/latex/amsfonts/umsb.fd
File: umsb.fd 2013/01/14 v3.01 AMS symbols B
)
LaTeX Font Info:    Try loading font information for U+lasy on input line 73.

(/usr/share/texlive/texmf-dist/tex/latex/base/ulasy.fd
File: ulasy.fd 1998/08/17 v2.2e LaTeX symbol font definitions
) (./abstract.tex)
(./introduction.tex [1

{/var/lib/texmf/fonts/map/pdftex/updmap/pdftex.map}])
(./pushpull2d.tex
Underfull \vbox (badness 10000) has occurred while \output is active []

 [2]
<./figuresPushPull/NPVariableGadget.pdf, id=172, 2845.27542pt x 1593.35437pt>
File: ./figuresPushPull/NPVariableGadget.pdf Graphic file (type pdf)

<use ./figuresPushPull/NPVariableGadget.pdf>
Package pdftex.def Info: ./figuresPushPull/NPVariableGadget.pdf used on input l
ine 20.
(pdftex.def)             Requested size: 211.38832pt x 118.35373pt.

<./figuresPushPull/NPClauseGadget.pdf, id=173, 2276.22049pt x 1707.1653pt>
File: ./figuresPushPull/NPClauseGadget.pdf Graphic file (type pdf)

<use ./figuresPushPull/NPClauseGadget.pdf>
Package pdftex.def Info: ./figuresPushPull/NPClauseGadget.pdf used on input lin
e 25.
(pdftex.def)             Requested size: 211.38832pt x 158.53549pt.
Package hyperref Info: bookmark level for unknown subfigure defaults to 0 on in
put line 29.
 [3 <./figuresPushPull/NPVariableGadget.pdf> <./figuresPushPull/NPClauseGadget.
pdf

pdfTeX warning: pdflatex (file ./figuresPushPull/NPClauseGadget.pdf): PDF inclu
sion: multiple pdfs with page group included in a single page
>]
<./figuresPushPull/AbstractSetVerifyUnset.pdf, id=203, 284.52296pt x 227.82114p
t>
File: ./figuresPushPull/AbstractSetVerifyUnset.pdf Graphic file (type pdf)
 <use ./figuresPushPull/AbstractSetVerifyUnset.pdf>
Package pdftex.def Info: ./figuresPushPull/AbstractSetVerifyUnset.pdf used on i
nput line 85.
(pdftex.def)             Requested size: 140.92793pt x 112.84306pt.

<./figuresPushPull/AbstractSetVerifySet.pdf, id=204, 284.52296pt x 227.82114pt>
File: ./figuresPushPull/AbstractSetVerifySet.pdf Graphic file (type pdf)
<use ./figuresPushPull/AbstractSetVerifySet.pdf>
Package pdftex.def Info: ./figuresPushPull/AbstractSetVerifySet.pdf used on inp
ut line 90.
(pdftex.def)             Requested size: 140.92793pt x 112.84306pt.

<./figuresPushPull/AbstractSetVerifyVerified.pdf, id=205, 284.52296pt x 227.821
14pt>
File: ./figuresPushPull/AbstractSetVerifyVerified.pdf Graphic file (type pdf)
 <use ./figuresPushPull/AbstractSetVerifyVerified.pdf>
Package pdftex.def Info: ./figuresPushPull/AbstractSetVerifyVerified.pdf used o
n input line 95.
(pdftex.def)             Requested size: 140.92793pt x 112.84306pt.

<./figuresPushPull/SetVerifyUnset.pdf, id=206, 142.26149pt x 166.05035pt>
File: ./figuresPushPull/SetVerifyUnset.pdf Graphic file (type pdf)

<use ./figuresPushPull/SetVerifyUnset.pdf>
Package pdftex.def Info: ./figuresPushPull/SetVerifyUnset.pdf used on input lin
e 100.
(pdftex.def)             Requested size: 140.92793pt x 164.50435pt.

<./figuresPushPull/SetVerifySet.pdf, id=207, 142.26149pt x 166.05035pt>
File: ./figuresPushPull/SetVerifySet.pdf Graphic file (type pdf)

<use ./figuresPushPull/SetVerifySet.pdf>
Package pdftex.def Info: ./figuresPushPull/SetVerifySet.pdf used on input line 
106.
(pdftex.def)             Requested size: 140.92793pt x 164.50435pt.

<./figuresPushPull/SetVerifyVerified.pdf, id=208, 142.26149pt x 166.05035pt>
File: ./figuresPushPull/SetVerifyVerified.pdf Graphic file (type pdf)

<use ./figuresPushPull/SetVerifyVerified.pdf>
Package pdftex.def Info: ./figuresPushPull/SetVerifyVerified.pdf used on input 
line 112.
(pdftex.def)             Requested size: 140.92793pt x 164.50435pt.

<./figuresPushPull/OneWayDestructiveCrossover.pdf, id=210, 324.67699pt x 100.80
862pt>
File: ./figuresPushPull/OneWayDestructiveCrossover.pdf Graphic file (type pdf)
 <use ./figuresPushPull/OneWayDestructiveCrossover.pdf>
Package pdftex.def Info: ./figuresPushPull/OneWayDestructiveCrossover.pdf used 
on input line 132.
(pdftex.def)             Requested size: 211.38832pt x 65.63403pt.

Underfull \hbox (badness 2376) in paragraph at lines 133--133
[]\T1/cmr/m/n/10 (a) |The one-way de-struc-tive crossover con-
 []

<./figuresPushPull/InOrderCrossover.pdf, id=211, 324.67699pt x 100.80862pt>
File: ./figuresPushPull/InOrderCrossover.pdf Graphic file (type pdf)

<use ./figuresPushPull/InOrderCrossover.pdf>
Package pdftex.def Info: ./figuresPushPull/InOrderCrossover.pdf used on input l
ine 138.
(pdftex.def)             Requested size: 211.38832pt x 65.63403pt.

<./figuresPushPull/np_crossover.pdf, id=212, 845.04686pt x 597.50786pt>
File: ./figuresPushPull/np_crossover.pdf Graphic file (type pdf)

<use ./figuresPushPull/np_crossover.pdf>
Package pdftex.def Info: ./figuresPushPull/np_crossover.pdf used on input line 
148.
(pdftex.def)             Requested size: 211.38832pt x 149.46776pt.

<./figuresPushPull/full_one_use_crossover.pdf, id=213, 853.58266pt x 853.58266p
t>
File: ./figuresPushPull/full_one_use_crossover.pdf Graphic file (type pdf)
 <use ./figuresPushPull/full_one_use_crossover.pdf>
Package pdftex.def Info: ./figuresPushPull/full_one_use_crossover.pdf used on i
nput line 153.
(pdftex.def)             Requested size: 211.38832pt x 211.37633pt.
 [4]
Underfull \vbox (badness 5878) has occurred while \output is active []

 [5 <./figuresPushPull/AbstractSetVerifyUnset.pdf> <./figuresPushPull/AbstractS
etVerifySet.pdf> <./figuresPushPull/AbstractSetVerifyVerified.pdf> <./figuresPu
shPull/SetVerifyUnset.pdf> <./figuresPushPull/SetVerifySet.pdf> <./figuresPushP
ull/SetVerifyVerified.pdf> <./figuresPushPull/OneWayDestructiveCrossover.pdf> <
./figuresPushPull/InOrderCrossover.pdf

pdfTeX warning: pdflatex (file ./figuresPushPull/InOrderCrossover.pdf): PDF inc
lusion: multiple pdfs with page group included in a single page
>] [6 <./figuresPushPull/np_crossover.pdf> <./figuresPushPull/full_one_use_cros
sover.pdf

pdfTeX warning: pdflatex (file ./figuresPushPull/full_one_use_crossover.pdf): P
DF inclusion: multiple pdfs with page group included in a single page
>] <./figuresPushPull/SetVerify3D.pdf, id=314, 142.26149pt x 189.3474pt>
File: ./figuresPushPull/SetVerify3D.pdf Graphic file (type pdf)

<use ./figuresPushPull/SetVerify3D.pdf>
Package pdftex.def Info: ./figuresPushPull/SetVerify3D.pdf used on input line 1
94.
(pdftex.def)             Requested size: 211.38832pt x 281.37387pt.
) (./pushpull3d.tex [7 <./figuresPushPull/SetVerify3D.pdf>]
<./figuresPushPull/Abstract4ToggleA.pdf, id=331, 284.52296pt x 227.82114pt>
File: ./figuresPushPull/Abstract4ToggleA.pdf Graphic file (type pdf)

<use ./figuresPushPull/Abstract4ToggleA.pdf>
Package pdftex.def Info: ./figuresPushPull/Abstract4ToggleA.pdf used on input l
ine 14.
(pdftex.def)             Requested size: 112.74277pt x 90.27515pt.

<./figuresPushPull/Abstract4ToggleB.pdf, id=332, 284.52296pt x 227.82114pt>
File: ./figuresPushPull/Abstract4ToggleB.pdf Graphic file (type pdf)

<use ./figuresPushPull/Abstract4ToggleB.pdf>
Package pdftex.def Info: ./figuresPushPull/Abstract4ToggleB.pdf used on input l
ine 21.
(pdftex.def)             Requested size: 112.74277pt x 90.27515pt.


! LaTeX Error: File `2toggle' not found.

See the LaTeX manual or LaTeX Companion for explanation.
Type  H <return>  for immediate help.
 ...                                              
                                                  
l.32 ...ludegraphics[width=0.8\textwidth]{2toggle}
                                                  
? 

! LaTeX Error: File `2toggleB' not found.

See the LaTeX manual or LaTeX Companion for explanation.
Type  H <return>  for immediate help.
 ...                                              
                                                  
l.38 ...udegraphics[width=0.8\textwidth]{2toggleB}
                                                  
? 
<./figuresPushPull/broken2Toggle.pdf, id=333, 142.26149pt x 142.26149pt>
File: ./figuresPushPull/broken2Toggle.pdf Graphic file (type pdf)

<use ./figuresPushPull/broken2Toggle.pdf>
Package pdftex.def Info: ./figuresPushPull/broken2Toggle.pdf used on input line
 44.
(pdftex.def)             Requested size: 169.1113pt x 169.12393pt.

<./figuresPushPull/2ToggleK.pdf, id=334, 142.26149pt x 142.26149pt>
File: ./figuresPushPull/2ToggleK.pdf Graphic file (type pdf)

<use ./figuresPushPull/2ToggleK.pdf>
Package pdftex.def Info: ./figuresPushPull/2ToggleK.pdf used on input line 50.
(pdftex.def)             Requested size: 169.1113pt x 169.12393pt.

<./figuresPushPull/4ToggleNoConnections.pdf, id=337, 48.16997pt x 47.14613pt>
File: ./figuresPushPull/4ToggleNoConnections.pdf Graphic file (type pdf)

<use ./figuresPushPull/4ToggleNoConnections.pdf>
Package pdftex.def Info: ./figuresPushPull/4ToggleNoConnections.pdf used on inp
ut line 62.
(pdftex.def)             Requested size: 211.38832pt x 206.95369pt.

<./figuresPushPull/4ToggleBasic.pdf, id=338, 48.14989pt x 48.16997pt>
File: ./figuresPushPull/4ToggleBasic.pdf Graphic file (type pdf)

<use ./figuresPushPull/4ToggleBasic.pdf>
Package pdftex.def Info: ./figuresPushPull/4ToggleBasic.pdf used on input line 
68.
(pdftex.def)             Requested size: 211.38832pt x 211.51624pt.
 [8 <./figuresPushPull/Abstract4ToggleA.pdf> <./figuresPushPull/Abstract4Toggle
B.pdf> <./figuresPushPull/broken2Toggle.pdf> <./figuresPushPull/2ToggleK.pdf>]
File: ./figuresPushPull/Abstract4ToggleA.pdf Graphic file (type pdf)

<use ./figuresPushPull/Abstract4ToggleA.pdf>
Package pdftex.def Info: ./figuresPushPull/Abstract4ToggleA.pdf used on input l
ine 82.
(pdftex.def)             Requested size: 211.38832pt x 169.26286pt.

<./figuresPushPull/LockA.pdf, id=364, 284.52296pt x 227.82114pt>
File: ./figuresPushPull/LockA.pdf Graphic file (type pdf)

<use ./figuresPushPull/LockA.pdf>
Package pdftex.def Info: ./figuresPushPull/LockA.pdf used on input line 88.
(pdftex.def)             Requested size: 211.38832pt x 169.26286pt.
 [9 <./figuresPushPull/4ToggleNoConnections.pdf> <./figuresPushPull/4ToggleBasi
c.pdf>]
<./figuresPushPull/LockBlock.pdf, id=382, 284.52296pt x 63.16599pt>
File: ./figuresPushPull/LockBlock.pdf Graphic file (type pdf)

<use ./figuresPushPull/LockBlock.pdf>
Package pdftex.def Info: ./figuresPushPull/LockBlock.pdf used on input line 119
.
(pdftex.def)             Requested size: 422.77664pt x 93.86584pt.

<./figuresPushPull/BinaryCounter.pdf, id=383, 284.52296pt x 38.80498pt>
File: ./figuresPushPull/BinaryCounter.pdf Graphic file (type pdf)

<use ./figuresPushPull/BinaryCounter.pdf>
Package pdftex.def Info: ./figuresPushPull/BinaryCounter.pdf used on input line
 132.
(pdftex.def)             Requested size: 422.77664pt x 57.66492pt.
 [10 <./figuresPushPull/LockA.pdf> <./figuresPushPull/LockBlock.pdf> <./figures
PushPull/BinaryCounter.pdf>]

! LaTeX Error: File `ExistentialGadget' not found.

See the LaTeX manual or LaTeX Companion for explanation.
Type  H <return>  for immediate help.
 ...                                              
                                                  
l.184 ...s[width=0.9\textwidth]{ExistentialGadget}
                                                  
? 
[11] <./figuresPushPull/QuantifierChain.pdf, id=408, 284.52296pt x 86.55336pt>
File: ./figuresPushPull/QuantifierChain.pdf Graphic file (type pdf)

<use ./figuresPushPull/QuantifierChain.pdf>
Package pdftex.def Info: ./figuresPushPull/QuantifierChain.pdf used on input li
ne 196.
(pdftex.def)             Requested size: 422.77664pt x 128.61993pt.
 [12 <./figuresPushPull/QuantifierChain.pdf>]) (./conclusion.tex [13]) (./PushP
ullPaper.bbl [14])
Package atveryend Info: Empty hook `BeforeClearDocument' on input line 106.
 [15]
Package atveryend Info: Empty hook `AfterLastShipout' on input line 106.

(./PushPullPaper.aux)
Package atveryend Info: Executing hook `AtVeryEndDocument' on input line 106.
Package atveryend Info: Executing hook `AtEndAfterFileList' on input line 106.
Package rerunfilecheck Info: File `PushPullPaper.out' has not changed.
(rerunfilecheck)             Checksum: 2FFAD6CD36357FD8B4F94659799C6612;1079.


LaTeX Warning: There were multiply-defined labels.

Package atveryend Info: Empty hook `AtVeryVeryEnd' on input line 106.
 ) 
Here is how much of TeX's memory you used:
 8682 strings out of 493304
 129067 string characters out of 6139871
 234517 words of memory out of 5000000
 11837 multiletter control sequences out of 15000+600000
 23851 words of font info for 73 fonts, out of 8000000 for 9000
 957 hyphenation exceptions out of 8191
 36i,15n,38p,1408b,505s stack positions out of 5000i,500n,10000p,200000b,80000s
pdfTeX warning (dest): name{Hfootnote.1} has been referenced but does not exi
st, replaced by a fixed one

{/usr/share/texmf/fonts/enc/dvips/cm-super/cm-super-t1.enc}</usr/share/texlive/
texmf-dist/fonts/type1/public/amsfonts/cm/cmmi10.pfb></usr/share/texlive/texmf-
dist/fonts/type1/public/amsfonts/cm/cmmi5.pfb></usr/share/texlive/texmf-dist/fo
nts/type1/public/amsfonts/cm/cmmi7.pfb></usr/share/texlive/texmf-dist/fonts/typ
e1/public/amsfonts/cm/cmmi8.pfb></usr/share/texlive/texmf-dist/fonts/type1/publ
ic/amsfonts/cm/cmr10.pfb></usr/share/texlive/texmf-dist/fonts/type1/public/amsf
onts/cm/cmr5.pfb></usr/share/texlive/texmf-dist/fonts/type1/public/amsfonts/cm/
cmr7.pfb></usr/share/texlive/texmf-dist/fonts/type1/public/amsfonts/cm/cmr8.pfb
></usr/share/texlive/texmf-dist/fonts/type1/public/amsfonts/cm/cmsy10.pfb></usr
/share/texlive/texmf-dist/fonts/type1/public/amsfonts/cm/cmsy5.pfb></usr/share/
texlive/texmf-dist/fonts/type1/public/amsfonts/cm/cmsy6.pfb></usr/share/texlive
/texmf-dist/fonts/type1/public/amsfonts/cm/cmsy8.pfb></usr/share/texlive/texmf-
dist/fonts/type1/public/amsfonts/symbols/msbm10.pfb></usr/share/texmf/fonts/typ
e1/public/cm-super/sfbx1000.pfb></usr/share/texmf/fonts/type1/public/cm-super/s
fbx1095.pfb></usr/share/texmf/fonts/type1/public/cm-super/sfbx1200.pfb></usr/sh
are/texmf/fonts/type1/public/cm-super/sfbx1440.pfb></usr/share/texmf/fonts/type
1/public/cm-super/sfrm0800.pfb></usr/share/texmf/fonts/type1/public/cm-super/sf
rm0900.pfb></usr/share/texmf/fonts/type1/public/cm-super/sfrm1000.pfb></usr/sha
re/texmf/fonts/type1/public/cm-super/sfrm1095.pfb></usr/share/texmf/fonts/type1
/public/cm-super/sfrm1200.pfb></usr/share/texmf/fonts/type1/public/cm-super/sfr
m1728.pfb></usr/share/texmf/fonts/type1/public/cm-super/sfti1095.pfb>
Output written on PushPullPaper.pdf (15 pages, 538593 bytes).
PDF statistics:
 529 PDF objects out of 1000 (max. 8388607)
 439 compressed objects within 5 object streams
 70 named destinations out of 1000 (max. 500000)
 264 words of extra memory for PDF output out of 10000 (max. 10000000)

